2026/03/10 01:06:37.191916 === cping started ===
2026/03/10 01:06:37.192020 Config loaded: &{Server:{Host:localhost Port:6006 Cert:../bhl/.cert/combined-tma-cert.pem Key:../bhl/.cert/tma.local+2-key.pem UseHTTPS:false} Audio:{Source:microphone FilePath: SampleRate:16000 ChunkMs:100 SilenceMs:500} Test:{Repeat:5 Interval:1s Warmup:2} Output:{SaveAudio:true SaveDir:./recordings LogLevel:info}}
2026/03/10 01:06:37.192143 Creating WebSocket client for wss://localhost:6006/
2026/03/10 01:06:37.192169 Initializing model
2026/03/10 01:06:37.192486 Connecting to server...
2026/03/10 01:06:37.192663 Dialing wss://localhost:6006/
2026/03/10 01:06:37.194524 WebSocket connected successfully
2026/03/10 01:06:38.766449 Creating recorder...
2026/03/10 01:06:38.766530 === START NewRecorder ===
2026/03/10 01:06:38.766543 sampleRate=16000, chunkMs=100
2026/03/10 01:06:38.766549 Initializing PortAudio...
2026/03/10 01:06:38.776173 ✅ PortAudio initialized
2026/03/10 01:06:38.776197 Getting device list...
2026/03/10 01:06:38.776200 Getting default binput device...
2026/03/10 01:06:38.776239 ✅ Using device: Default Source
2026/03/10 01:06:38.776244 Chunk size: 1600 frames
2026/03/10 01:06:38.776254 Creating stream parameters...
2026/03/10 01:06:38.776256 Opening stream...
2026/03/10 01:06:38.776549 ✅ Recorder created successfully
2026/03/10 01:06:38.776736 Starting recording...
2026/03/10 01:06:38.776781 Starting recording stream...
2026/03/10 01:06:38.787260 Stream start result: <nil>
2026/03/10 01:06:38.942740 processAudio called, recording=true, in len=1
2026/03/10 01:06:38.942778 Got 1600 samples
2026/03/10 01:06:38.942800 Sent chunk of 1600 samples
2026/03/10 01:06:39.038750 processAudio called, recording=true, in len=1
2026/03/10 01:06:39.038790 Got 1600 samples
2026/03/10 01:06:39.038837 Sent chunk of 1600 samples
2026/03/10 01:06:39.140123 processAudio called, recording=true, in len=1
2026/03/10 01:06:39.140171 Got 1600 samples
2026/03/10 01:06:39.140191 Sent chunk of 1600 samples
2026/03/10 01:06:39.241422 processAudio called, recording=true, in len=1
2026/03/10 01:06:39.241650 Got 1600 samples
2026/03/10 01:06:39.241682 Sent chunk of 1600 samples
2026/03/10 01:06:39.342622 processAudio called, recording=true, in len=1
2026/03/10 01:06:39.342711 Got 1600 samples
2026/03/10 01:06:39.342738 Sent chunk of 1600 samples
2026/03/10 01:06:39.438777 processAudio called, recording=true, in len=1
2026/03/10 01:06:39.439032 Got 1600 samples
2026/03/10 01:06:39.439054 Sent chunk of 1600 samples
2026/03/10 01:06:39.539963 processAudio called, recording=true, in len=1
2026/03/10 01:06:39.539996 Got 1600 samples
2026/03/10 01:06:39.540011 Sent chunk of 1600 samples
2026/03/10 01:06:39.641361 processAudio called, recording=true, in len=1
2026/03/10 01:06:39.641395 Got 1600 samples
2026/03/10 01:06:39.641619 Sent chunk of 1600 samples
2026/03/10 01:06:39.742761 processAudio called, recording=true, in len=1
2026/03/10 01:06:39.742796 Got 1600 samples
2026/03/10 01:06:39.742822 Sent chunk of 1600 samples
2026/03/10 01:06:39.838816 processAudio called, recording=true, in len=1
2026/03/10 01:06:39.838904 Got 1600 samples
2026/03/10 01:06:39.838936 Sent chunk of 1600 samples
2026/03/10 01:06:39.939984 processAudio called, recording=true, in len=1
2026/03/10 01:06:39.940022 Got 1600 samples
2026/03/10 01:06:39.940073 Sent chunk of 1600 samples
2026/03/10 01:06:40.041503 processAudio called, recording=true, in len=1
2026/03/10 01:06:40.041536 Got 1600 samples
2026/03/10 01:06:40.041551 Sent chunk of 1600 samples
2026/03/10 01:06:40.142795 processAudio called, recording=true, in len=1
2026/03/10 01:06:40.142829 Got 1600 samples
2026/03/10 01:06:40.142848 Sent chunk of 1600 samples
2026/03/10 01:06:40.238851 processAudio called, recording=true, in len=1
2026/03/10 01:06:40.238885 Got 1600 samples
2026/03/10 01:06:40.238900 Sent chunk of 1600 samples
2026/03/10 01:06:40.339988 processAudio called, recording=true, in len=1
2026/03/10 01:06:40.340022 Got 1600 samples
2026/03/10 01:06:40.340038 Sent chunk of 1600 samples
2026/03/10 01:06:40.441467 processAudio called, recording=true, in len=1
2026/03/10 01:06:40.441527 Got 1600 samples
2026/03/10 01:06:40.441561 Sent chunk of 1600 samples
2026/03/10 01:06:40.542586 processAudio called, recording=true, in len=1
2026/03/10 01:06:40.542620 Got 1600 samples
2026/03/10 01:06:40.542647 Sent chunk of 1600 samples
2026/03/10 01:06:40.638724 processAudio called, recording=true, in len=1
2026/03/10 01:06:40.638759 Got 1600 samples
2026/03/10 01:06:40.638774 Sent chunk of 1600 samples
2026/03/10 01:06:40.739974 processAudio called, recording=true, in len=1
2026/03/10 01:06:40.740010 Got 1600 samples
2026/03/10 01:06:40.740029 Sent chunk of 1600 samples
2026/03/10 01:06:40.841357 processAudio called, recording=true, in len=1
2026/03/10 01:06:40.841390 Got 1600 samples
2026/03/10 01:06:40.841484 Sent chunk of 1600 samples
2026/03/10 01:06:40.942686 processAudio called, recording=true, in len=1
2026/03/10 01:06:40.942719 Got 1600 samples
2026/03/10 01:06:40.942795 Sent chunk of 1600 samples
2026/03/10 01:06:41.038895 processAudio called, recording=true, in len=1
2026/03/10 01:06:41.038930 Got 1600 samples
2026/03/10 01:06:41.039025 Sent chunk of 1600 samples
2026/03/10 01:06:41.140212 processAudio called, recording=true, in len=1
2026/03/10 01:06:41.140246 Got 1600 samples
2026/03/10 01:06:41.140298 Sent chunk of 1600 samples
2026/03/10 01:06:41.241540 processAudio called, recording=true, in len=1
2026/03/10 01:06:41.241574 Got 1600 samples
2026/03/10 01:06:41.241589 Sent chunk of 1600 samples
2026/03/10 01:06:41.342617 processAudio called, recording=true, in len=1
2026/03/10 01:06:41.342650 Got 1600 samples
2026/03/10 01:06:41.342692 Sent chunk of 1600 samples
2026/03/10 01:06:41.438780 processAudio called, recording=true, in len=1
2026/03/10 01:06:41.438813 Got 1600 samples
2026/03/10 01:06:41.438828 Sent chunk of 1600 samples
2026/03/10 01:06:41.539932 processAudio called, recording=true, in len=1
2026/03/10 01:06:41.539965 Got 1600 samples
2026/03/10 01:06:41.539978 Sent chunk of 1600 samples
2026/03/10 01:06:41.641502 processAudio called, recording=true, in len=1
2026/03/10 01:06:41.641542 Got 1600 samples
2026/03/10 01:06:41.641558 Sent chunk of 1600 samples
2026/03/10 01:06:41.742669 processAudio called, recording=true, in len=1
2026/03/10 01:06:41.742766 Got 1600 samples
2026/03/10 01:06:41.742809 Sent chunk of 1600 samples
2026/03/10 01:06:41.838877 processAudio called, recording=true, in len=1
2026/03/10 01:06:41.838910 Got 1600 samples
2026/03/10 01:06:41.838933 Sent chunk of 1600 samples
2026/03/10 01:06:41.940029 processAudio called, recording=true, in len=1
2026/03/10 01:06:41.940062 Got 1600 samples
2026/03/10 01:06:41.940078 Sent chunk of 1600 samples
2026/03/10 01:06:42.041525 processAudio called, recording=true, in len=1
2026/03/10 01:06:42.041561 Got 1600 samples
2026/03/10 01:06:42.041598 Sent chunk of 1600 samples
2026/03/10 01:06:42.142699 processAudio called, recording=true, in len=1
2026/03/10 01:06:42.142732 Got 1600 samples
2026/03/10 01:06:42.142759 Sent chunk of 1600 samples
2026/03/10 01:06:42.238834 processAudio called, recording=true, in len=1
2026/03/10 01:06:42.238868 Got 1600 samples
2026/03/10 01:06:42.238892 Sent chunk of 1600 samples
2026/03/10 01:06:42.340022 processAudio called, recording=true, in len=1
2026/03/10 01:06:42.340070 Got 1600 samples
2026/03/10 01:06:42.340086 Sent chunk of 1600 samples
2026/03/10 01:06:42.441543 processAudio called, recording=true, in len=1
2026/03/10 01:06:42.441649 Got 1600 samples
2026/03/10 01:06:42.441697 Sent chunk of 1600 samples
2026/03/10 01:06:42.542745 processAudio called, recording=true, in len=1
2026/03/10 01:06:42.542782 Got 1600 samples
2026/03/10 01:06:42.542867 Sent chunk of 1600 samples
2026/03/10 01:06:42.638755 processAudio called, recording=true, in len=1
2026/03/10 01:06:42.638791 Got 1600 samples
2026/03/10 01:06:42.638806 Sent chunk of 1600 samples
2026/03/10 01:06:42.740249 processAudio called, recording=true, in len=1
2026/03/10 01:06:42.740307 Got 1600 samples
2026/03/10 01:06:42.740345 Sent chunk of 1600 samples
2026/03/10 01:06:42.841549 processAudio called, recording=true, in len=1
2026/03/10 01:06:42.841604 Got 1600 samples
2026/03/10 01:06:42.841619 Sent chunk of 1600 samples
2026/03/10 01:06:42.942763 processAudio called, recording=true, in len=1
2026/03/10 01:06:42.942798 Got 1600 samples
2026/03/10 01:06:42.942833 Sent chunk of 1600 samples
2026/03/10 01:06:43.038763 processAudio called, recording=true, in len=1
2026/03/10 01:06:43.038798 Got 1600 samples
2026/03/10 01:06:43.038837 Sent chunk of 1600 samples
2026/03/10 01:06:43.140233 processAudio called, recording=true, in len=1
2026/03/10 01:06:43.140267 Got 1600 samples
2026/03/10 01:06:43.140406 Sent chunk of 1600 samples
2026/03/10 01:06:43.241570 processAudio called, recording=true, in len=1
2026/03/10 01:06:43.241663 Got 1600 samples
2026/03/10 01:06:43.241681 Sent chunk of 1600 samples
2026/03/10 01:06:43.342654 processAudio called, recording=true, in len=1
2026/03/10 01:06:43.342689 Got 1600 samples
2026/03/10 01:06:43.342711 Sent chunk of 1600 samples
2026/03/10 01:06:43.438939 processAudio called, recording=true, in len=1
2026/03/10 01:06:43.438977 Got 1600 samples
2026/03/10 01:06:43.438989 Sent chunk of 1600 samples
2026/03/10 01:06:43.540117 processAudio called, recording=true, in len=1
2026/03/10 01:06:43.540246 Got 1600 samples
2026/03/10 01:06:43.540329 Sent chunk of 1600 samples
2026/03/10 01:06:43.641480 processAudio called, recording=true, in len=1
2026/03/10 01:06:43.641515 Got 1600 samples
2026/03/10 01:06:43.641532 Sent chunk of 1600 samples
2026/03/10 01:06:43.742790 processAudio called, recording=true, in len=1
2026/03/10 01:06:43.742827 Got 1600 samples
2026/03/10 01:06:43.742905 Sent chunk of 1600 samples
2026/03/10 01:06:43.838818 processAudio called, recording=true, in len=1
2026/03/10 01:06:43.838856 Got 1600 samples
2026/03/10 01:06:43.838877 Sent chunk of 1600 samples
2026/03/10 01:06:43.940078 processAudio called, recording=true, in len=1
2026/03/10 01:06:43.940113 Got 1600 samples
2026/03/10 01:06:43.940128 Sent chunk of 1600 samples
2026/03/10 01:06:44.041548 processAudio called, recording=true, in len=1
2026/03/10 01:06:44.041582 Got 1600 samples
2026/03/10 01:06:44.041597 Sent chunk of 1600 samples
2026/03/10 01:06:44.142813 processAudio called, recording=true, in len=1
2026/03/10 01:06:44.142847 Got 1600 samples
2026/03/10 01:06:44.142861 Sent chunk of 1600 samples
2026/03/10 01:06:44.238863 processAudio called, recording=true, in len=1
2026/03/10 01:06:44.238899 Got 1600 samples
2026/03/10 01:06:44.238921 Sent chunk of 1600 samples
2026/03/10 01:06:44.340031 processAudio called, recording=true, in len=1
2026/03/10 01:06:44.340068 Got 1600 samples
2026/03/10 01:06:44.340089 Sent chunk of 1600 samples
2026/03/10 01:06:44.441436 processAudio called, recording=true, in len=1
2026/03/10 01:06:44.441471 Got 1600 samples
2026/03/10 01:06:44.441485 Sent chunk of 1600 samples
2026/03/10 01:06:44.542723 processAudio called, recording=true, in len=1
2026/03/10 01:06:44.542763 Got 1600 samples
2026/03/10 01:06:44.542784 Sent chunk of 1600 samples
2026/03/10 01:06:44.638792 processAudio called, recording=true, in len=1
2026/03/10 01:06:44.638827 Got 1600 samples
2026/03/10 01:06:44.638841 Sent chunk of 1600 samples
2026/03/10 01:06:44.740103 processAudio called, recording=true, in len=1
2026/03/10 01:06:44.740138 Got 1600 samples
2026/03/10 01:06:44.740568 Sent chunk of 1600 samples
2026/03/10 01:06:44.841621 processAudio called, recording=true, in len=1
2026/03/10 01:06:44.841658 Got 1600 samples
2026/03/10 01:06:44.841676 Sent chunk of 1600 samples
2026/03/10 01:06:44.942936 processAudio called, recording=true, in len=1
2026/03/10 01:06:44.942982 Got 1600 samples
2026/03/10 01:06:44.942999 Sent chunk of 1600 samples
2026/03/10 01:06:45.038764 processAudio called, recording=true, in len=1
2026/03/10 01:06:45.038802 Got 1600 samples
2026/03/10 01:06:45.038819 Sent chunk of 1600 samples
2026/03/10 01:06:45.140087 processAudio called, recording=true, in len=1
2026/03/10 01:06:45.140125 Got 1600 samples
2026/03/10 01:06:45.140141 Sent chunk of 1600 samples
2026/03/10 01:06:45.241248 processAudio called, recording=true, in len=1
2026/03/10 01:06:45.241412 Got 1600 samples
2026/03/10 01:06:45.241434 Sent chunk of 1600 samples
2026/03/10 01:06:45.342722 processAudio called, recording=true, in len=1
2026/03/10 01:06:45.342758 Got 1600 samples
2026/03/10 01:06:45.342769 Sent chunk of 1600 samples
2026/03/10 01:06:45.438690 processAudio called, recording=true, in len=1
2026/03/10 01:06:45.438723 Got 1600 samples
2026/03/10 01:06:45.438740 Sent chunk of 1600 samples
2026/03/10 01:06:45.540124 processAudio called, recording=true, in len=1
2026/03/10 01:06:45.540156 Got 1600 samples
2026/03/10 01:06:45.540170 Sent chunk of 1600 samples
2026/03/10 01:06:45.641404 processAudio called, recording=true, in len=1
2026/03/10 01:06:45.641442 Got 1600 samples
2026/03/10 01:06:45.641459 Sent chunk of 1600 samples
2026/03/10 01:06:45.742692 processAudio called, recording=true, in len=1
2026/03/10 01:06:45.742723 Got 1600 samples
2026/03/10 01:06:45.742736 Sent chunk of 1600 samples
2026/03/10 01:06:45.838864 processAudio called, recording=true, in len=1
2026/03/10 01:06:45.839100 Got 1600 samples
2026/03/10 01:06:45.839119 Sent chunk of 1600 samples
2026/03/10 01:06:45.940063 processAudio called, recording=true, in len=1
2026/03/10 01:06:45.940096 Got 1600 samples
2026/03/10 01:06:45.940113 Sent chunk of 1600 samples
2026/03/10 01:06:46.041434 processAudio called, recording=true, in len=1
2026/03/10 01:06:46.041546 Got 1600 samples
2026/03/10 01:06:46.041920 Sent chunk of 1600 samples
2026/03/10 01:06:46.142680 processAudio called, recording=true, in len=1
2026/03/10 01:06:46.142712 Got 1600 samples
2026/03/10 01:06:46.142725 Sent chunk of 1600 samples
2026/03/10 01:06:46.238944 processAudio called, recording=true, in len=1
2026/03/10 01:06:46.238990 Got 1600 samples
2026/03/10 01:06:46.239028 Sent chunk of 1600 samples
2026/03/10 01:06:46.340163 processAudio called, recording=true, in len=1
2026/03/10 01:06:46.340213 Got 1600 samples
2026/03/10 01:06:46.340293 Sent chunk of 1600 samples
2026/03/10 01:06:46.441536 processAudio called, recording=true, in len=1
2026/03/10 01:06:46.441571 Got 1600 samples
2026/03/10 01:06:46.441587 Sent chunk of 1600 samples
2026/03/10 01:06:46.542837 processAudio called, recording=true, in len=1
2026/03/10 01:06:46.542872 Got 1600 samples
2026/03/10 01:06:46.542912 Sent chunk of 1600 samples
2026/03/10 01:06:46.638804 processAudio called, recording=true, in len=1
2026/03/10 01:06:46.638839 Got 1600 samples
2026/03/10 01:06:46.638855 Sent chunk of 1600 samples
2026/03/10 01:06:46.740211 processAudio called, recording=true, in len=1
2026/03/10 01:06:46.740246 Got 1600 samples
2026/03/10 01:06:46.740300 Sent chunk of 1600 samples
2026/03/10 01:06:46.841510 processAudio called, recording=true, in len=1
2026/03/10 01:06:46.841550 Got 1600 samples
2026/03/10 01:06:46.841592 Sent chunk of 1600 samples
2026/03/10 01:06:46.942850 processAudio called, recording=true, in len=1
2026/03/10 01:06:46.942885 Got 1600 samples
2026/03/10 01:06:46.942898 Sent chunk of 1600 samples
2026/03/10 01:06:47.038872 processAudio called, recording=true, in len=1
2026/03/10 01:06:47.038907 Got 1600 samples
2026/03/10 01:06:47.038940 Sent chunk of 1600 samples
2026/03/10 01:06:47.140076 processAudio called, recording=true, in len=1
2026/03/10 01:06:47.140112 Got 1600 samples
2026/03/10 01:06:47.140128 Sent chunk of 1600 samples
2026/03/10 01:06:47.241483 processAudio called, recording=true, in len=1
2026/03/10 01:06:47.241525 Got 1600 samples
2026/03/10 01:06:47.241548 Sent chunk of 1600 samples
2026/03/10 01:06:47.342916 processAudio called, recording=true, in len=1
2026/03/10 01:06:47.342960 Got 1600 samples
2026/03/10 01:06:47.342983 Sent chunk of 1600 samples
2026/03/10 01:06:47.438924 processAudio called, recording=true, in len=1
2026/03/10 01:06:47.438965 Got 1600 samples
2026/03/10 01:06:47.438982 Sent chunk of 1600 samples
2026/03/10 01:06:47.540146 processAudio called, recording=true, in len=1
2026/03/10 01:06:47.540182 Got 1600 samples
2026/03/10 01:06:47.540198 Sent chunk of 1600 samples
2026/03/10 01:06:47.641404 processAudio called, recording=true, in len=1
2026/03/10 01:06:47.641458 Got 1600 samples
2026/03/10 01:06:47.641475 Sent chunk of 1600 samples
2026/03/10 01:06:47.742711 processAudio called, recording=true, in len=1
2026/03/10 01:06:47.742748 Got 1600 samples
2026/03/10 01:06:47.742766 Sent chunk of 1600 samples
2026/03/10 01:06:47.838892 processAudio called, recording=true, in len=1
2026/03/10 01:06:47.838936 Got 1600 samples
2026/03/10 01:06:47.838958 Sent chunk of 1600 samples
2026/03/10 01:06:47.940187 processAudio called, recording=true, in len=1
2026/03/10 01:06:47.940228 Got 1600 samples
2026/03/10 01:06:47.940244 Sent chunk of 1600 samples
2026/03/10 01:06:48.041688 processAudio called, recording=true, in len=1
2026/03/10 01:06:48.041732 Got 1600 samples
2026/03/10 01:06:48.041748 Sent chunk of 1600 samples
2026/03/10 01:06:48.142604 processAudio called, recording=true, in len=1
2026/03/10 01:06:48.142636 Got 1600 samples
2026/03/10 01:06:48.142647 Sent chunk of 1600 samples
2026/03/10 01:06:48.238855 processAudio called, recording=true, in len=1
2026/03/10 01:06:48.238891 Got 1600 samples
2026/03/10 01:06:48.238907 Sent chunk of 1600 samples
2026/03/10 01:06:48.340241 processAudio called, recording=true, in len=1
2026/03/10 01:06:48.340311 Got 1600 samples
2026/03/10 01:06:48.340674 Sent chunk of 1600 samples
2026/03/10 01:06:48.441606 processAudio called, recording=true, in len=1
2026/03/10 01:06:48.441642 Got 1600 samples
2026/03/10 01:06:48.441870 Sent chunk of 1600 samples
2026/03/10 01:06:48.542756 processAudio called, recording=true, in len=1
2026/03/10 01:06:48.542797 Got 1600 samples
2026/03/10 01:06:48.542819 Sent chunk of 1600 samples
2026/03/10 01:06:48.638895 processAudio called, recording=true, in len=1
2026/03/10 01:06:48.638931 Got 1600 samples
2026/03/10 01:06:48.638946 Sent chunk of 1600 samples
2026/03/10 01:06:48.740154 processAudio called, recording=true, in len=1
2026/03/10 01:06:48.740200 Got 1600 samples
2026/03/10 01:06:48.740216 Sent chunk of 1600 samples
2026/03/10 01:06:48.841560 processAudio called, recording=true, in len=1
2026/03/10 01:06:48.841596 Got 1600 samples
2026/03/10 01:06:48.841611 Sent chunk of 1600 samples
2026/03/10 01:06:48.942784 processAudio called, recording=true, in len=1
2026/03/10 01:06:48.942819 Got 1600 samples
2026/03/10 01:06:48.942835 Sent chunk of 1600 samples
2026/03/10 01:06:49.038938 processAudio called, recording=true, in len=1
2026/03/10 01:06:49.038973 Got 1600 samples
2026/03/10 01:06:49.038989 Sent chunk of 1600 samples
2026/03/10 01:06:49.140123 processAudio called, recording=true, in len=1
2026/03/10 01:06:49.140158 Got 1600 samples
2026/03/10 01:06:49.140180 Sent chunk of 1600 samples
2026/03/10 01:06:49.241315 processAudio called, recording=true, in len=1
2026/03/10 01:06:49.241350 Got 1600 samples
2026/03/10 01:06:49.241370 Sent chunk of 1600 samples
